[debug] [2024-10-28T13:37:58.182Z] ----------------------------------------------------------------------
[debug] [2024-10-28T13:37:58.199Z] Command:       C:\Program Files\nodejs\node.exe C:\Users\isuru\AppData\Roaming\npm\node_modules\firebase-tools\lib\bin\firebase.js deploy
[debug] [2024-10-28T13:37:58.200Z] CLI Version:   13.23.0
[debug] [2024-10-28T13:37:58.201Z] Platform:      win32
[debug] [2024-10-28T13:37:58.201Z] Node Version:  v20.15.1
[debug] [2024-10-28T13:37:58.201Z] Time:          Mon Oct 28 2024 19:07:58 GMT+0530 (India Standard Time)
[debug] [2024-10-28T13:37:58.202Z] ----------------------------------------------------------------------
[debug] 
[debug] [2024-10-28T13:37:58.372Z] > command requires scopes: ["email","openid","https://www.googleapis.com/auth/cloudplatformprojects.readonly","https://www.googleapis.com/auth/firebase","https://www.googleapis.com/auth/cloud-platform"]
[debug] [2024-10-28T13:37:58.373Z] > authorizing via signed-in user (amilaizu1796@gmail.com)
[debug] [2024-10-28T13:37:58.374Z] [iam] checking project travel-site-ab2f7 for permissions ["firebase.projects.get","firebasehosting.sites.update"]
[debug] [2024-10-28T13:37:58.377Z] Checked if tokens are valid: false, expires at: 1730085922553
[debug] [2024-10-28T13:37:58.377Z] Checked if tokens are valid: false, expires at: 1730085922553
[debug] [2024-10-28T13:37:58.378Z] > refreshing access token with scopes: []
[debug] [2024-10-28T13:37:58.382Z] >>> [apiv2][query] POST https://www.googleapis.com/oauth2/v3/token [none]
[debug] [2024-10-28T13:37:58.382Z] >>> [apiv2][body] POST https://www.googleapis.com/oauth2/v3/token [omitted]
[debug] [2024-10-28T13:37:59.325Z] <<< [apiv2][status] POST https://www.googleapis.com/oauth2/v3/token 200
[debug] [2024-10-28T13:37:59.326Z] <<< [apiv2][body] POST https://www.googleapis.com/oauth2/v3/token [omitted]
[debug] [2024-10-28T13:37:59.548Z] >>> [apiv2][query] POST https://cloudresourcemanager.googleapis.com/v1/projects/travel-site-ab2f7:testIamPermissions [none]
[debug] [2024-10-28T13:37:59.549Z] >>> [apiv2][(partial)header] POST https://cloudresourcemanager.googleapis.com/v1/projects/travel-site-ab2f7:testIamPermissions x-goog-quota-user=projects/travel-site-ab2f7
[debug] [2024-10-28T13:37:59.549Z] >>> [apiv2][body] POST https://cloudresourcemanager.googleapis.com/v1/projects/travel-site-ab2f7:testIamPermissions {"permissions":["firebase.projects.get","firebasehosting.sites.update"]}
[debug] [2024-10-28T13:38:01.988Z] <<< [apiv2][status] POST https://cloudresourcemanager.googleapis.com/v1/projects/travel-site-ab2f7:testIamPermissions 200
[debug] [2024-10-28T13:38:01.988Z] <<< [apiv2][body] POST https://cloudresourcemanager.googleapis.com/v1/projects/travel-site-ab2f7:testIamPermissions {"permissions":["firebase.projects.get","firebasehosting.sites.update"]}
[debug] [2024-10-28T13:38:01.989Z] Checked if tokens are valid: true, expires at: 1730126278328
[debug] [2024-10-28T13:38:01.989Z] Checked if tokens are valid: true, expires at: 1730126278328
[debug] [2024-10-28T13:38:01.990Z] >>> [apiv2][query] GET https://firebase.googleapis.com/v1beta1/projects/travel-site-ab2f7 [none]
[debug] [2024-10-28T13:38:03.759Z] <<< [apiv2][status] GET https://firebase.googleapis.com/v1beta1/projects/travel-site-ab2f7 200
[debug] [2024-10-28T13:38:03.759Z] <<< [apiv2][body] GET https://firebase.googleapis.com/v1beta1/projects/travel-site-ab2f7 {"projectId":"travel-site-ab2f7","projectNumber":"756640539142","displayName":"travel-site","name":"projects/travel-site-ab2f7","resources":{"hostingSite":"travel-site-ab2f7","storageBucket":"travel-site-ab2f7.appspot.com","locationId":"us-central"},"state":"ACTIVE","etag":"1_383b815e-c355-41c1-b30b-5b8fd4e7975f"}
[info] 
[info] === Deploying to 'travel-site-ab2f7'...
[info] 
[info] i  deploying hosting 
[debug] [2024-10-28T13:38:03.790Z] Checked if tokens are valid: true, expires at: 1730126278328
[debug] [2024-10-28T13:38:03.790Z] Checked if tokens are valid: true, expires at: 1730126278328
[debug] [2024-10-28T13:38:03.791Z] >>> [apiv2][query] POST https://firebasehosting.googleapis.com/v1beta1/projects/-/sites/travel-site-ab2f7/versions [none]
[debug] [2024-10-28T13:38:03.791Z] >>> [apiv2][body] POST https://firebasehosting.googleapis.com/v1beta1/projects/-/sites/travel-site-ab2f7/versions {"status":"CREATED","labels":{"deployment-tool":"cli-firebase"}}
[debug] [2024-10-28T13:38:05.356Z] <<< [apiv2][status] POST https://firebasehosting.googleapis.com/v1beta1/projects/-/sites/travel-site-ab2f7/versions 200
[debug] [2024-10-28T13:38:05.357Z] <<< [apiv2][body] POST https://firebasehosting.googleapis.com/v1beta1/projects/-/sites/travel-site-ab2f7/versions {"name":"projects/756640539142/sites/travel-site-ab2f7/versions/80178f5e6b137767","status":"CREATED","config":{},"labels":{"deployment-tool":"cli-firebase"}}
[info] i  hosting[travel-site-ab2f7]: beginning deploy... 
[info] i  hosting[travel-site-ab2f7]: found 53 files in public 
[debug] [2024-10-28T13:38:05.416Z] [hosting] uploading with 200 concurrency
[debug] [2024-10-28T13:38:10.553Z] Checked if tokens are valid: true, expires at: 1730126278328
[debug] [2024-10-28T13:38:10.554Z] Checked if tokens are valid: true, expires at: 1730126278328
[debug] [2024-10-28T13:38:10.556Z] [hosting] hash cache [cHVibGlj] stored for 53 files
[debug] [2024-10-28T13:38:10.557Z] [hosting][hash queue][FINAL] {"max":5112,"min":5,"avg":449.8301886792453,"active":0,"complete":53,"success":53,"errored":0,"retried":0,"total":53,"elapsed":5131}
[debug] [2024-10-28T13:38:10.561Z] >>> [apiv2][query] POST https://firebasehosting.googleapis.com/v1beta1/projects/756640539142/sites/travel-site-ab2f7/versions/80178f5e6b137767:populateFiles [none]
[debug] [2024-10-28T13:38:10.561Z] >>> [apiv2][body] POST https://firebasehosting.googleapis.com/v1beta1/projects/756640539142/sites/travel-site-ab2f7/versions/80178f5e6b137767:populateFiles {"files":{"/yala.jpg":"a94da9772d2b197c59c184091b82a1d5cd633a0088783fbcf667c9f99f1ffd46","/video(2).mp4":"1a6d77dda77403decd0b0af882b1279059f7d974361e4b7c75312bcc52419a7b","/video(1).mp4":"92a84b40ef2494de6df06b79542c110954cc81b7d9bb967fd1565cc85aa4fa55","/sigiriya.jpg":"66a8f548f39d0b5e0bec99840130986ff76db38c427e4a9ff0c4577a820f4b50","/script.js":"725fc1a7423c4cb90c8b4ecd2dbe6fdc8eb68e9fd5ed9a60f56846b6c3291f06","/README.md":"e2bf466d3d6647a20c0f6364efee7a1a9ccc42909d649b2124282739c4dae2db","/profile-photo.webp":"571fc16cc961dc2c31434989f0d31ed24e44ef66180d9eb7286f823d1ab8c0aa","/profile-image.png":"65532f92f9e7bc1b91ac516aa54ab331c57bd4a2db5c673ee82039f1d30d1956","/profile(9).jpg":"8e5dafafe11c79b184671d5f0d831d2f4544680be5e792096b3b763f83c0dffd","/profile(8).jpg":"c9890eb8c334d806e29bcaf4e0bee59a7a22d00c48e183df3ee5ede5460c891c","/profile(7).jpg":"a8492093e2888e4a73e2c15dc598e25780e0623975fa4feca3d376709ecc6372","/profile(6).jpg":"75a10fa30d116fe120a72b3116d7fa52304386f885a11794efa0dd496df74876","/profile(5).jpg":"5fd8cf452fe908d4e4eb5d5f6c6888de8c37c783bc7413a4887521cf21926d24","/profile(4).jpg":"d1b6349698f934828b588279705f450a8495ee9cbb85b68ba0cdc398e7c32afb","/profile(3).jpg":"af4b92515d8ea3c014703984920664a437ef8821b01a5239c8a43476205cb57d","/profile(2).jpg":"9e120fede36913af6aa294ed14705f23739db05925c1cb1a31f8e164465b1f21","/profile(10).jpg":"3378a3ee0f583cdf8e6565df12cfed6c90ce4c6a8f4db9fbad44949a59e4303e","/profile(1).jpg":"eb2ce2468b2f367e600193b0c8b0eac557eeb0af8a32e7d1369acdf5d1ae3eb7","/OIP.jpg":"a11f2f5289d6516a8bcc6527d667ff98dc8245e0e51bb747ce94e3098d5b73e7","/mirissa.jpg":"5bc44ec186fe16281f853dc9736901137e53ed32b988a5222cd2b85ab2b52ae5","/man-silhouette-profile-picture.webp":"571fc16cc961dc2c31434989f0d31ed24e44ef66180d9eb7286f823d1ab8c0aa","/logo.png":"f946c0e5644b91e9cb501b6da8d76632c217bfaf13ae8200cd6509df2b011b0a","/image(5).jpg":"36937b122ff4465a0d547b60475606060342852a3e4ded360a7e6b4c0235f589","/image(4).jpg":"907432fdeb0920fe968ddeb29e45eb3233b4dcadd47fdcb9ad48b0cece7e8700","/image(3).jpg":"6dc97d202c60df5ce7c64683344c1a35dfe154ec44c199ea32724ff0957f290c","/image(2).jpg":"62a8bc6e9db0f82af2a902e491d2190a2e24dd6a0eea6076fb85d79143e72bb1","/image(1).jpg":"afa49cb6fae50bde0c82a4ddc60f7615f1f42c91e48ad5eb99aa5580a71b36cd","/galle.jpg":"0f4bc88b3378fe0ad6fa9830cce927888ead256f810c96feff9a0a6b2bb962ce","/ella.jpg":"7c254a5338266367f5643d1d96281a8b54786d80ffcf0cef80242413e2050444","/download.jpg":"14fa9c24048ac19303fed3b543216f101860c879349f24d740674c851062c66d","/daladamaligawa.jpg":"de25a3ad6a7c97a8174099fc5f3d7decc8ef86bf0ced81266532420bd0437cd5","/404.html":"762bf484ba67404bd1a3b181546ea28d60dfddf18e9dd4795d8d25bcf3c1a890","/styles.css":"9809d7d6017bd7986158ff34350095e62ae0f8145ee216e84f8c470d291d85eb","/stylefaq.css":"6dd9f3340c89dc7e56f8178fbf885dc11df4e8a91b9363b64f53100d35f0166a","/style.css":"0126b34fea65521d93be684d99c85e9e23f130d9617b72fb9be769c33002fa8e","/gallery-image.html":"c08af73ad79483707374076535ee749f99257ae283472aa5adafd114af494927","/index.html":"2ef127b942adf01947be654fe90dbf81d1379a562a969917dcf1b6060637657c","/faqpage.html":"9130d2830415d17feec68ce8374d8522a3a73351b108a9bb1f141704ddc9dc49","/gallery-image/image(4).jpg":"6971ae15b4b8c222000fc3696777b7cfffdac772d6bc8d77b1cdccd115e70bd9","/gallery-image/image(6).jpg":"9638a1395af00a13a976e19fcdfb3d3986d1e0b8823cdbc98297f118050b2a93","/gallery-image/image(10).jpg":"1fe960b1038191cbb61375e40a64dbb3a3b787bb1d3d08258439f47fd574341f","/gallery-image/image(8).jpg":"eb25b18001cd628ee760b0a255f917813095d15646f129afb73e4ab809fc6c52","/gallery-image/image(7).jpg":"f8dd7bf9276524eb8246c5cf01351fd8e7f1300b5077833c9a2eb6ca5023d615","/gallery-image/image(2).jpg":"91a2d60dfdda9d0ab85d1682529c1ecd2517af333c9a459e577e5bd2be165cfd","/gallery-image/image(5).jpg":"c231b698580179707d7defd2fcd977b8d1170e09047df306122cc378ef8c1787","/gallery-image/image(3).jpg":"89bf1ae8060720e9e5532ba90cbc00ec0de3ab888d61c21b95a14811083fba84","/gallery-image/image(9).jpg":"3aeb4b0df9d0330821665a0a4ba58023bb1ea74188fd34ec033bd8d42d39cd7b","/gallery-image/image(1).jpg":"d7407bfbd81169b5381237a29266314a15c1238177ea8b166d936bfb2dd929a2","/gallery-image/video(3).mp4":"4d6ce43f0000c91201f9296b107b18da563404e1cffae02b3e77bf5fb3f6660b","/gallery-image/video(2).mp4":"274db9e11f1b163f65718a7fb1489339e00985fa539245396ed7c0bb4d86a40e","/gallery-image/video(4).mp4":"19b39f5d00696e46e644379c980c0574a2eec7204b515a34a417445456ef4325","/gallery-image/video(5).mp4":"6f3428e5fbfad5a55a1b254d8a674144f35848b6d83afe551a5c98ae04966612","/gallery-image/video(1).mp4":"279beea675cc5bb8ac73dca8d52cc7e97cce562fd802ab0e79681a3d6ea47bb4"}}
[debug] [2024-10-28T13:38:11.988Z] <<< [apiv2][status] POST https://firebasehosting.googleapis.com/v1beta1/projects/756640539142/sites/travel-site-ab2f7/versions/80178f5e6b137767:populateFiles 200
[debug] [2024-10-28T13:38:11.988Z] <<< [apiv2][body] POST https://firebasehosting.googleapis.com/v1beta1/projects/756640539142/sites/travel-site-ab2f7/versions/80178f5e6b137767:populateFiles {"uploadRequiredHashes":["279beea675cc5bb8ac73dca8d52cc7e97cce562fd802ab0e79681a3d6ea47bb4","0126b34fea65521d93be684d99c85e9e23f130d9617b72fb9be769c33002fa8e","89bf1ae8060720e9e5532ba90cbc00ec0de3ab888d61c21b95a14811083fba84","c231b698580179707d7defd2fcd977b8d1170e09047df306122cc378ef8c1787","91a2d60dfdda9d0ab85d1682529c1ecd2517af333c9a459e577e5bd2be165cfd","1fe960b1038191cbb61375e40a64dbb3a3b787bb1d3d08258439f47fd574341f","c08af73ad79483707374076535ee749f99257ae283472aa5adafd114af494927","3aeb4b0df9d0330821665a0a4ba58023bb1ea74188fd34ec033bd8d42d39cd7b","6971ae15b4b8c222000fc3696777b7cfffdac772d6bc8d77b1cdccd115e70bd9","6dd9f3340c89dc7e56f8178fbf885dc11df4e8a91b9363b64f53100d35f0166a","4d6ce43f0000c91201f9296b107b18da563404e1cffae02b3e77bf5fb3f6660b","2ef127b942adf01947be654fe90dbf81d1379a562a969917dcf1b6060637657c","d7407bfbd81169b5381237a29266314a15c1238177ea8b166d936bfb2dd929a2","eb25b18001cd628ee760b0a255f917813095d15646f129afb73e4ab809fc6c52","274db9e11f1b163f65718a7fb1489339e00985fa539245396ed7c0bb4d86a40e","9130d2830415d17feec68ce8374d8522a3a73351b108a9bb1f141704ddc9dc49","6f3428e5fbfad5a55a1b254d8a674144f35848b6d83afe551a5c98ae04966612","19b39f5d00696e46e644379c980c0574a2eec7204b515a34a417445456ef4325","f8dd7bf9276524eb8246c5cf01351fd8e7f1300b5077833c9a2eb6ca5023d615","9809d7d6017bd7986158ff34350095e62ae0f8145ee216e84f8c470d291d85eb","9638a1395af00a13a976e19fcdfb3d3986d1e0b8823cdbc98297f118050b2a93"],"uploadUrl":"https://upload-firebasehosting.googleapis.com/upload/sites/travel-site-ab2f7/versions/80178f5e6b137767/files"}
[debug] [2024-10-28T13:38:11.991Z] Checked if tokens are valid: true, expires at: 1730126278328
[debug] [2024-10-28T13:38:11.991Z] Checked if tokens are valid: true, expires at: 1730126278328
[debug] [2024-10-28T13:38:11.991Z] Checked if tokens are valid: true, expires at: 1730126278328
[debug] [2024-10-28T13:38:11.992Z] Checked if tokens are valid: true, expires at: 1730126278328
[debug] [2024-10-28T13:38:11.993Z] Checked if tokens are valid: true, expires at: 1730126278328
[debug] [2024-10-28T13:38:11.993Z] Checked if tokens are valid: true, expires at: 1730126278328
[debug] [2024-10-28T13:38:11.994Z] Checked if tokens are valid: true, expires at: 1730126278328
[debug] [2024-10-28T13:38:11.995Z] Checked if tokens are valid: true, expires at: 1730126278328
[debug] [2024-10-28T13:38:11.995Z] Checked if tokens are valid: true, expires at: 1730126278328
[debug] [2024-10-28T13:38:11.996Z] Checked if tokens are valid: true, expires at: 1730126278328
[debug] [2024-10-28T13:38:11.996Z] Checked if tokens are valid: true, expires at: 1730126278328
[debug] [2024-10-28T13:38:11.996Z] Checked if tokens are valid: true, expires at: 1730126278328
[debug] [2024-10-28T13:38:11.997Z] Checked if tokens are valid: true, expires at: 1730126278328
[debug] [2024-10-28T13:38:11.997Z] Checked if tokens are valid: true, expires at: 1730126278328
[debug] [2024-10-28T13:38:11.998Z] Checked if tokens are valid: true, expires at: 1730126278328
[debug] [2024-10-28T13:38:11.998Z] Checked if tokens are valid: true, expires at: 1730126278328
[debug] [2024-10-28T13:38:11.999Z] Checked if tokens are valid: true, expires at: 1730126278328
[debug] [2024-10-28T13:38:11.999Z] Checked if tokens are valid: true, expires at: 1730126278328
[debug] [2024-10-28T13:38:12.000Z] Checked if tokens are valid: true, expires at: 1730126278328
[debug] [2024-10-28T13:38:12.001Z] Checked if tokens are valid: true, expires at: 1730126278328
[debug] [2024-10-28T13:38:12.001Z] Checked if tokens are valid: true, expires at: 1730126278328
[debug] [2024-10-28T13:38:12.002Z] Checked if tokens are valid: true, expires at: 1730126278328
[debug] [2024-10-28T13:38:12.002Z] Checked if tokens are valid: true, expires at: 1730126278328
[debug] [2024-10-28T13:38:12.002Z] Checked if tokens are valid: true, expires at: 1730126278328
[debug] [2024-10-28T13:38:12.003Z] Checked if tokens are valid: true, expires at: 1730126278328
[debug] [2024-10-28T13:38:12.004Z] Checked if tokens are valid: true, expires at: 1730126278328
[debug] [2024-10-28T13:38:12.006Z] Checked if tokens are valid: true, expires at: 1730126278328
[debug] [2024-10-28T13:38:12.006Z] Checked if tokens are valid: true, expires at: 1730126278328
[debug] [2024-10-28T13:38:12.007Z] Checked if tokens are valid: true, expires at: 1730126278328
[debug] [2024-10-28T13:38:12.007Z] Checked if tokens are valid: true, expires at: 1730126278328
[debug] [2024-10-28T13:38:12.008Z] Checked if tokens are valid: true, expires at: 1730126278328
[debug] [2024-10-28T13:38:12.008Z] Checked if tokens are valid: true, expires at: 1730126278328
[debug] [2024-10-28T13:38:12.012Z] Checked if tokens are valid: true, expires at: 1730126278328
[debug] [2024-10-28T13:38:12.013Z] Checked if tokens are valid: true, expires at: 1730126278328
[debug] [2024-10-28T13:38:12.013Z] Checked if tokens are valid: true, expires at: 1730126278328
[debug] [2024-10-28T13:38:12.014Z] Checked if tokens are valid: true, expires at: 1730126278328
[debug] [2024-10-28T13:38:12.014Z] Checked if tokens are valid: true, expires at: 1730126278328
[debug] [2024-10-28T13:38:12.014Z] Checked if tokens are valid: true, expires at: 1730126278328
[debug] [2024-10-28T13:38:12.015Z] Checked if tokens are valid: true, expires at: 1730126278328
[debug] [2024-10-28T13:38:12.015Z] Checked if tokens are valid: true, expires at: 1730126278328
[debug] [2024-10-28T13:38:12.016Z] Checked if tokens are valid: true, expires at: 1730126278328
[debug] [2024-10-28T13:38:12.016Z] Checked if tokens are valid: true, expires at: 1730126278328
[debug] [2024-10-28T13:38:12.016Z] >>> [apiv2][query] POST https://upload-firebasehosting.googleapis.com/upload/sites/travel-site-ab2f7/versions/80178f5e6b137767/files/279beea675cc5bb8ac73dca8d52cc7e97cce562fd802ab0e79681a3d6ea47bb4 [none]
[debug] [2024-10-28T13:38:12.017Z] >>> [apiv2][body] POST https://upload-firebasehosting.googleapis.com/upload/sites/travel-site-ab2f7/versions/80178f5e6b137767/files/279beea675cc5bb8ac73dca8d52cc7e97cce562fd802ab0e79681a3d6ea47bb4 [stream]
[debug] [2024-10-28T13:38:12.021Z] >>> [apiv2][query] POST https://upload-firebasehosting.googleapis.com/upload/sites/travel-site-ab2f7/versions/80178f5e6b137767/files/0126b34fea65521d93be684d99c85e9e23f130d9617b72fb9be769c33002fa8e [none]
[debug] [2024-10-28T13:38:12.022Z] >>> [apiv2][body] POST https://upload-firebasehosting.googleapis.com/upload/sites/travel-site-ab2f7/versions/80178f5e6b137767/files/0126b34fea65521d93be684d99c85e9e23f130d9617b72fb9be769c33002fa8e [stream]
[debug] [2024-10-28T13:38:12.025Z] >>> [apiv2][query] POST https://upload-firebasehosting.googleapis.com/upload/sites/travel-site-ab2f7/versions/80178f5e6b137767/files/89bf1ae8060720e9e5532ba90cbc00ec0de3ab888d61c21b95a14811083fba84 [none]
[debug] [2024-10-28T13:38:12.026Z] >>> [apiv2][body] POST https://upload-firebasehosting.googleapis.com/upload/sites/travel-site-ab2f7/versions/80178f5e6b137767/files/89bf1ae8060720e9e5532ba90cbc00ec0de3ab888d61c21b95a14811083fba84 [stream]
[debug] [2024-10-28T13:38:12.031Z] >>> [apiv2][query] POST https://upload-firebasehosting.googleapis.com/upload/sites/travel-site-ab2f7/versions/80178f5e6b137767/files/c231b698580179707d7defd2fcd977b8d1170e09047df306122cc378ef8c1787 [none]
[debug] [2024-10-28T13:38:12.031Z] >>> [apiv2][body] POST https://upload-firebasehosting.googleapis.com/upload/sites/travel-site-ab2f7/versions/80178f5e6b137767/files/c231b698580179707d7defd2fcd977b8d1170e09047df306122cc378ef8c1787 [stream]
[debug] [2024-10-28T13:38:12.034Z] >>> [apiv2][query] POST https://upload-firebasehosting.googleapis.com/upload/sites/travel-site-ab2f7/versions/80178f5e6b137767/files/91a2d60dfdda9d0ab85d1682529c1ecd2517af333c9a459e577e5bd2be165cfd [none]
[debug] [2024-10-28T13:38:12.034Z] >>> [apiv2][body] POST https://upload-firebasehosting.googleapis.com/upload/sites/travel-site-ab2f7/versions/80178f5e6b137767/files/91a2d60dfdda9d0ab85d1682529c1ecd2517af333c9a459e577e5bd2be165cfd [stream]
[debug] [2024-10-28T13:38:12.037Z] >>> [apiv2][query] POST https://upload-firebasehosting.googleapis.com/upload/sites/travel-site-ab2f7/versions/80178f5e6b137767/files/1fe960b1038191cbb61375e40a64dbb3a3b787bb1d3d08258439f47fd574341f [none]
[debug] [2024-10-28T13:38:12.037Z] >>> [apiv2][body] POST https://upload-firebasehosting.googleapis.com/upload/sites/travel-site-ab2f7/versions/80178f5e6b137767/files/1fe960b1038191cbb61375e40a64dbb3a3b787bb1d3d08258439f47fd574341f [stream]
[debug] [2024-10-28T13:38:12.040Z] >>> [apiv2][query] POST https://upload-firebasehosting.googleapis.com/upload/sites/travel-site-ab2f7/versions/80178f5e6b137767/files/c08af73ad79483707374076535ee749f99257ae283472aa5adafd114af494927 [none]
[debug] [2024-10-28T13:38:12.040Z] >>> [apiv2][body] POST https://upload-firebasehosting.googleapis.com/upload/sites/travel-site-ab2f7/versions/80178f5e6b137767/files/c08af73ad79483707374076535ee749f99257ae283472aa5adafd114af494927 [stream]
[debug] [2024-10-28T13:38:12.045Z] >>> [apiv2][query] POST https://upload-firebasehosting.googleapis.com/upload/sites/travel-site-ab2f7/versions/80178f5e6b137767/files/3aeb4b0df9d0330821665a0a4ba58023bb1ea74188fd34ec033bd8d42d39cd7b [none]
[debug] [2024-10-28T13:38:12.045Z] >>> [apiv2][body] POST https://upload-firebasehosting.googleapis.com/upload/sites/travel-site-ab2f7/versions/80178f5e6b137767/files/3aeb4b0df9d0330821665a0a4ba58023bb1ea74188fd34ec033bd8d42d39cd7b [stream]
[debug] [2024-10-28T13:38:12.055Z] >>> [apiv2][query] POST https://upload-firebasehosting.googleapis.com/upload/sites/travel-site-ab2f7/versions/80178f5e6b137767/files/6971ae15b4b8c222000fc3696777b7cfffdac772d6bc8d77b1cdccd115e70bd9 [none]
[debug] [2024-10-28T13:38:12.055Z] >>> [apiv2][body] POST https://upload-firebasehosting.googleapis.com/upload/sites/travel-site-ab2f7/versions/80178f5e6b137767/files/6971ae15b4b8c222000fc3696777b7cfffdac772d6bc8d77b1cdccd115e70bd9 [stream]
[debug] [2024-10-28T13:38:12.062Z] >>> [apiv2][query] POST https://upload-firebasehosting.googleapis.com/upload/sites/travel-site-ab2f7/versions/80178f5e6b137767/files/6dd9f3340c89dc7e56f8178fbf885dc11df4e8a91b9363b64f53100d35f0166a [none]
[debug] [2024-10-28T13:38:12.063Z] >>> [apiv2][body] POST https://upload-firebasehosting.googleapis.com/upload/sites/travel-site-ab2f7/versions/80178f5e6b137767/files/6dd9f3340c89dc7e56f8178fbf885dc11df4e8a91b9363b64f53100d35f0166a [stream]
[debug] [2024-10-28T13:38:12.067Z] >>> [apiv2][query] POST https://upload-firebasehosting.googleapis.com/upload/sites/travel-site-ab2f7/versions/80178f5e6b137767/files/4d6ce43f0000c91201f9296b107b18da563404e1cffae02b3e77bf5fb3f6660b [none]
[debug] [2024-10-28T13:38:12.067Z] >>> [apiv2][body] POST https://upload-firebasehosting.googleapis.com/upload/sites/travel-site-ab2f7/versions/80178f5e6b137767/files/4d6ce43f0000c91201f9296b107b18da563404e1cffae02b3e77bf5fb3f6660b [stream]
[debug] [2024-10-28T13:38:12.074Z] >>> [apiv2][query] POST https://upload-firebasehosting.googleapis.com/upload/sites/travel-site-ab2f7/versions/80178f5e6b137767/files/2ef127b942adf01947be654fe90dbf81d1379a562a969917dcf1b6060637657c [none]
[debug] [2024-10-28T13:38:12.074Z] >>> [apiv2][body] POST https://upload-firebasehosting.googleapis.com/upload/sites/travel-site-ab2f7/versions/80178f5e6b137767/files/2ef127b942adf01947be654fe90dbf81d1379a562a969917dcf1b6060637657c [stream]
[debug] [2024-10-28T13:38:12.078Z] >>> [apiv2][query] POST https://upload-firebasehosting.googleapis.com/upload/sites/travel-site-ab2f7/versions/80178f5e6b137767/files/d7407bfbd81169b5381237a29266314a15c1238177ea8b166d936bfb2dd929a2 [none]
[debug] [2024-10-28T13:38:12.078Z] >>> [apiv2][body] POST https://upload-firebasehosting.googleapis.com/upload/sites/travel-site-ab2f7/versions/80178f5e6b137767/files/d7407bfbd81169b5381237a29266314a15c1238177ea8b166d936bfb2dd929a2 [stream]
[debug] [2024-10-28T13:38:12.080Z] >>> [apiv2][query] POST https://upload-firebasehosting.googleapis.com/upload/sites/travel-site-ab2f7/versions/80178f5e6b137767/files/eb25b18001cd628ee760b0a255f917813095d15646f129afb73e4ab809fc6c52 [none]
[debug] [2024-10-28T13:38:12.080Z] >>> [apiv2][body] POST https://upload-firebasehosting.googleapis.com/upload/sites/travel-site-ab2f7/versions/80178f5e6b137767/files/eb25b18001cd628ee760b0a255f917813095d15646f129afb73e4ab809fc6c52 [stream]
[debug] [2024-10-28T13:38:12.082Z] >>> [apiv2][query] POST https://upload-firebasehosting.googleapis.com/upload/sites/travel-site-ab2f7/versions/80178f5e6b137767/files/274db9e11f1b163f65718a7fb1489339e00985fa539245396ed7c0bb4d86a40e [none]
[debug] [2024-10-28T13:38:12.083Z] >>> [apiv2][body] POST https://upload-firebasehosting.googleapis.com/upload/sites/travel-site-ab2f7/versions/80178f5e6b137767/files/274db9e11f1b163f65718a7fb1489339e00985fa539245396ed7c0bb4d86a40e [stream]
[debug] [2024-10-28T13:38:12.084Z] >>> [apiv2][query] POST https://upload-firebasehosting.googleapis.com/upload/sites/travel-site-ab2f7/versions/80178f5e6b137767/files/9130d2830415d17feec68ce8374d8522a3a73351b108a9bb1f141704ddc9dc49 [none]
[debug] [2024-10-28T13:38:12.084Z] >>> [apiv2][body] POST https://upload-firebasehosting.googleapis.com/upload/sites/travel-site-ab2f7/versions/80178f5e6b137767/files/9130d2830415d17feec68ce8374d8522a3a73351b108a9bb1f141704ddc9dc49 [stream]
[debug] [2024-10-28T13:38:12.086Z] >>> [apiv2][query] POST https://upload-firebasehosting.googleapis.com/upload/sites/travel-site-ab2f7/versions/80178f5e6b137767/files/6f3428e5fbfad5a55a1b254d8a674144f35848b6d83afe551a5c98ae04966612 [none]
[debug] [2024-10-28T13:38:12.086Z] >>> [apiv2][body] POST https://upload-firebasehosting.googleapis.com/upload/sites/travel-site-ab2f7/versions/80178f5e6b137767/files/6f3428e5fbfad5a55a1b254d8a674144f35848b6d83afe551a5c98ae04966612 [stream]
[debug] [2024-10-28T13:38:12.088Z] >>> [apiv2][query] POST https://upload-firebasehosting.googleapis.com/upload/sites/travel-site-ab2f7/versions/80178f5e6b137767/files/19b39f5d00696e46e644379c980c0574a2eec7204b515a34a417445456ef4325 [none]
[debug] [2024-10-28T13:38:12.088Z] >>> [apiv2][body] POST https://upload-firebasehosting.googleapis.com/upload/sites/travel-site-ab2f7/versions/80178f5e6b137767/files/19b39f5d00696e46e644379c980c0574a2eec7204b515a34a417445456ef4325 [stream]
[debug] [2024-10-28T13:38:12.089Z] >>> [apiv2][query] POST https://upload-firebasehosting.googleapis.com/upload/sites/travel-site-ab2f7/versions/80178f5e6b137767/files/f8dd7bf9276524eb8246c5cf01351fd8e7f1300b5077833c9a2eb6ca5023d615 [none]
[debug] [2024-10-28T13:38:12.089Z] >>> [apiv2][body] POST https://upload-firebasehosting.googleapis.com/upload/sites/travel-site-ab2f7/versions/80178f5e6b137767/files/f8dd7bf9276524eb8246c5cf01351fd8e7f1300b5077833c9a2eb6ca5023d615 [stream]
[debug] [2024-10-28T13:38:12.091Z] >>> [apiv2][query] POST https://upload-firebasehosting.googleapis.com/upload/sites/travel-site-ab2f7/versions/80178f5e6b137767/files/9809d7d6017bd7986158ff34350095e62ae0f8145ee216e84f8c470d291d85eb [none]
[debug] [2024-10-28T13:38:12.092Z] >>> [apiv2][body] POST https://upload-firebasehosting.googleapis.com/upload/sites/travel-site-ab2f7/versions/80178f5e6b137767/files/9809d7d6017bd7986158ff34350095e62ae0f8145ee216e84f8c470d291d85eb [stream]
[debug] [2024-10-28T13:38:12.094Z] >>> [apiv2][query] POST https://upload-firebasehosting.googleapis.com/upload/sites/travel-site-ab2f7/versions/80178f5e6b137767/files/9638a1395af00a13a976e19fcdfb3d3986d1e0b8823cdbc98297f118050b2a93 [none]
[debug] [2024-10-28T13:38:12.094Z] >>> [apiv2][body] POST https://upload-firebasehosting.googleapis.com/upload/sites/travel-site-ab2f7/versions/80178f5e6b137767/files/9638a1395af00a13a976e19fcdfb3d3986d1e0b8823cdbc98297f118050b2a93 [stream]
[debug] [2024-10-28T13:38:12.095Z] [hosting][populate queue][FINAL] {"max":1464,"min":1464,"avg":1464,"active":0,"complete":1,"success":1,"errored":0,"retried":0,"total":1,"elapsed":1543}
[debug] [2024-10-28T13:38:12.096Z] [hosting] uploads queued: 21
[debug] [2024-10-28T13:38:14.112Z] <<< [apiv2][status] POST https://upload-firebasehosting.googleapis.com/upload/sites/travel-site-ab2f7/versions/80178f5e6b137767/files/0126b34fea65521d93be684d99c85e9e23f130d9617b72fb9be769c33002fa8e 200
[debug] [2024-10-28T13:38:14.112Z] <<< [apiv2][body] POST https://upload-firebasehosting.googleapis.com/upload/sites/travel-site-ab2f7/versions/80178f5e6b137767/files/0126b34fea65521d93be684d99c85e9e23f130d9617b72fb9be769c33002fa8e [stream]
[debug] [2024-10-28T13:38:14.560Z] <<< [apiv2][status] POST https://upload-firebasehosting.googleapis.com/upload/sites/travel-site-ab2f7/versions/80178f5e6b137767/files/c08af73ad79483707374076535ee749f99257ae283472aa5adafd114af494927 200
[debug] [2024-10-28T13:38:14.561Z] <<< [apiv2][body] POST https://upload-firebasehosting.googleapis.com/upload/sites/travel-site-ab2f7/versions/80178f5e6b137767/files/c08af73ad79483707374076535ee749f99257ae283472aa5adafd114af494927 [stream]
[debug] [2024-10-28T13:38:14.766Z] <<< [apiv2][status] POST https://upload-firebasehosting.googleapis.com/upload/sites/travel-site-ab2f7/versions/80178f5e6b137767/files/2ef127b942adf01947be654fe90dbf81d1379a562a969917dcf1b6060637657c 200
[debug] [2024-10-28T13:38:14.766Z] <<< [apiv2][body] POST https://upload-firebasehosting.googleapis.com/upload/sites/travel-site-ab2f7/versions/80178f5e6b137767/files/2ef127b942adf01947be654fe90dbf81d1379a562a969917dcf1b6060637657c [stream]
[debug] [2024-10-28T13:38:15.027Z] <<< [apiv2][status] POST https://upload-firebasehosting.googleapis.com/upload/sites/travel-site-ab2f7/versions/80178f5e6b137767/files/6dd9f3340c89dc7e56f8178fbf885dc11df4e8a91b9363b64f53100d35f0166a 200
[debug] [2024-10-28T13:38:15.027Z] <<< [apiv2][body] POST https://upload-firebasehosting.googleapis.com/upload/sites/travel-site-ab2f7/versions/80178f5e6b137767/files/6dd9f3340c89dc7e56f8178fbf885dc11df4e8a91b9363b64f53100d35f0166a [stream]
[debug] [2024-10-28T13:38:15.295Z] <<< [apiv2][status] POST https://upload-firebasehosting.googleapis.com/upload/sites/travel-site-ab2f7/versions/80178f5e6b137767/files/9130d2830415d17feec68ce8374d8522a3a73351b108a9bb1f141704ddc9dc49 200
[debug] [2024-10-28T13:38:15.295Z] <<< [apiv2][body] POST https://upload-firebasehosting.googleapis.com/upload/sites/travel-site-ab2f7/versions/80178f5e6b137767/files/9130d2830415d17feec68ce8374d8522a3a73351b108a9bb1f141704ddc9dc49 [stream]
[debug] [2024-10-28T13:38:16.019Z] <<< [apiv2][status] POST https://upload-firebasehosting.googleapis.com/upload/sites/travel-site-ab2f7/versions/80178f5e6b137767/files/9809d7d6017bd7986158ff34350095e62ae0f8145ee216e84f8c470d291d85eb 200
[debug] [2024-10-28T13:38:16.019Z] <<< [apiv2][body] POST https://upload-firebasehosting.googleapis.com/upload/sites/travel-site-ab2f7/versions/80178f5e6b137767/files/9809d7d6017bd7986158ff34350095e62ae0f8145ee216e84f8c470d291d85eb [stream]
